app/build/intermediates/manifest_merge_blame_file/debug/manifest-merger-blame-debug-report.txt
1<?xml version="1.0" encoding="utf-8"?>
2<manifest xmlns:android="http://schemas.android.com/apk/res/android"
3    package="com.gy.commonviewdemo"
4    android:versionCode="1"
5    android:versionName="1.0" >
6
7    <uses-sdk
8        android:minSdkVersion="23"
8-->src\main\AndroidManifest.xml
9        android:targetSdkVersion="31" />
9-->src\main\AndroidManifest.xml
10
11    <uses-permission android:name="android.permission.CAMERA" />
11-->src\main\AndroidManifest.xml:6:5-64
11-->src\main\AndroidManifest.xml:6:22-62
12    <uses-permission android:name="android.permission.WRITE_EXTERNAL_STORAGE" />
12-->src\main\AndroidManifest.xml:7:5-80
12-->src\main\AndroidManifest.xml:7:22-78
13    <uses-permission android:name="android.permission.INTERNET" />
13-->src\main\AndroidManifest.xml:8:4-65
13-->src\main\AndroidManifest.xml:8:21-63
14
15    <permission android:name="com.android.permission.RECV_XXX" />
15-->src\main\AndroidManifest.xml:10:5-67
15-->src\main\AndroidManifest.xml:10:17-65
16
17    <uses-permission android:name="com.android.permission.RECV_XXX" />
17-->src\main\AndroidManifest.xml:11:5-87
17-->src\main\AndroidManifest.xml:11:22-68
18    <!-- 手机震动 -->
19    <uses-permission android:name="android.permission.VIBRATE" />
19-->src\main\AndroidManifest.xml:13:5-66
19-->src\main\AndroidManifest.xml:13:22-63
20
21    <application
21-->src\main\AndroidManifest.xml:15:5-123:19
22        android:allowBackup="true"
22-->src\main\AndroidManifest.xml:16:9-35
23        android:appComponentFactory="androidx.core.app.CoreComponentFactory"
23-->[androidx.core:core:1.7.0] AndroidManifest.xml:24:18-86
24        android:debuggable="true"
25        android:extractNativeLibs="false"
26        android:icon="@mipmap/ic_launcher"
26-->src\main\AndroidManifest.xml:17:9-43
27        android:label="@string/app_name"
27-->src\main\AndroidManifest.xml:18:9-41
28        android:networkSecurityConfig="@xml/network_security_config"
28-->src\main\AndroidManifest.xml:21:9-69
29        android:roundIcon="@mipmap/ic_launcher_round"
29-->src\main\AndroidManifest.xml:19:9-54
30        android:supportsRtl="true"
30-->src\main\AndroidManifest.xml:20:9-35
31        android:testOnly="true"
32        android:theme="@style/AppTheme" >
32-->src\main\AndroidManifest.xml:22:9-40
33        <activity
33-->src\main\AndroidManifest.xml:23:9-30:20
34            android:name="com.gy.commonviewdemo.MainActivity"
34-->src\main\AndroidManifest.xml:23:19-47
35            android:exported="true" >
35-->src\main\AndroidManifest.xml:24:13-36
36            <intent-filter>
36-->src\main\AndroidManifest.xml:25:13-29:29
37                <action android:name="android.intent.action.MAIN" />
37-->src\main\AndroidManifest.xml:26:17-69
37-->src\main\AndroidManifest.xml:26:25-66
38
39                <category android:name="android.intent.category.LAUNCHER" />
39-->src\main\AndroidManifest.xml:28:17-77
39-->src\main\AndroidManifest.xml:28:27-74
40            </intent-filter>
41        </activity>
42
43        <provider
43-->src\main\AndroidManifest.xml:32:9-41:20
44            android:name="androidx.core.content.FileProvider"
44-->src\main\AndroidManifest.xml:34:13-62
45            android:authorities="com.gy.commonviewdemo.fileprovider"
45-->src\main\AndroidManifest.xml:33:13-69
46            android:exported="false"
46-->src\main\AndroidManifest.xml:35:13-37
47            android:grantUriPermissions="true" >
47-->src\main\AndroidManifest.xml:36:13-47
48            <meta-data
48-->src\main\AndroidManifest.xml:38:13-40:62
49                android:name="android.support.FILE_PROVIDER_PATHS"
49-->src\main\AndroidManifest.xml:39:17-67
50                android:resource="@xml/file_provider_paths" />
50-->src\main\AndroidManifest.xml:40:17-60
51        </provider>
52
53        <!-- authorities 是自己拼接Uri的时候content中拼接的内容 也就是AUTHORITY 对应的内容 -->
54        <!-- content://"+ AUTHORITY+"/"+TABLE_NAME -->
55        <provider
55-->src\main\AndroidManifest.xml:45:9-48:38
56            android:name="com.gy.commonviewdemo.db.DataProvider"
56-->src\main\AndroidManifest.xml:47:13-44
57            android:authorities="com.gy.commonviewdemo.provider"
57-->src\main\AndroidManifest.xml:46:13-65
58            android:exported="true" />
58-->src\main\AndroidManifest.xml:48:13-36
59
60        <activity android:name="com.gy.commonviewdemo.cusview.edittext.EdittextActivity" />
60-->src\main\AndroidManifest.xml:50:9-91
60-->src\main\AndroidManifest.xml:50:19-89
61        <activity android:name="com.gy.commonviewdemo.webview.WebViewActivity" />
61-->src\main\AndroidManifest.xml:51:9-60
61-->src\main\AndroidManifest.xml:51:19-58
62        <activity android:name="com.gy.commonviewdemo.viewpager.ViewPagerActivity" />
62-->src\main\AndroidManifest.xml:52:9-64
62-->src\main\AndroidManifest.xml:52:19-62
63        <activity android:name="com.gy.commonviewdemo.systemui.SystemUiActivity" />
63-->src\main\AndroidManifest.xml:53:9-62
63-->src\main\AndroidManifest.xml:53:19-60
64        <activity android:name="com.gy.commonviewdemo.recyclerView.RvMainActivity" />
64-->src\main\AndroidManifest.xml:54:9-64
64-->src\main\AndroidManifest.xml:54:19-62
65        <activity android:name="com.gy.commonviewdemo.recyclerView.RvThreeDemo" />
65-->src\main\AndroidManifest.xml:55:9-61
65-->src\main\AndroidManifest.xml:55:19-59
66        <activity android:name="com.gy.commonviewdemo.cusview.threeD.CusView3DActivity" />
66-->src\main\AndroidManifest.xml:56:9-69
66-->src\main\AndroidManifest.xml:56:19-67
67        <activity android:name="com.gy.commonviewdemo.cusview.CusViewMainActivity" />
67-->src\main\AndroidManifest.xml:57:9-64
67-->src\main\AndroidManifest.xml:57:19-62
68        <activity android:name="com.gy.commonviewdemo.cusview.text.TextViewActivity" />
68-->src\main\AndroidManifest.xml:58:9-66
68-->src\main\AndroidManifest.xml:58:19-64
69        <activity android:name="com.gy.commonviewdemo.flow.FlowActivity" />
69-->src\main\AndroidManifest.xml:59:9-54
69-->src\main\AndroidManifest.xml:59:19-52
70        <activity android:name="com.gy.commonviewdemo.cusview.text.rich_text.RichTextActivity" />
70-->src\main\AndroidManifest.xml:60:9-76
70-->src\main\AndroidManifest.xml:60:19-74
71        <activity android:name="com.gy.commonviewdemo.cusview.text.rich_text.ImageSpanActivity" />
71-->src\main\AndroidManifest.xml:61:9-77
71-->src\main\AndroidManifest.xml:61:19-75
72        <activity android:name="com.gy.commonviewdemo.cusview.text.rich_text.ClickSpanActivity" />
72-->src\main\AndroidManifest.xml:62:9-77
72-->src\main\AndroidManifest.xml:62:19-75
73        <activity android:name="com.gy.commonviewdemo.cusview.text.rich_text.ReplacementSpanActivity" />
73-->src\main\AndroidManifest.xml:63:9-83
73-->src\main\AndroidManifest.xml:63:19-81
74        <activity android:name="com.gy.commonviewdemo.cusview.text.rich_text.SpanWatcherActivity" />
74-->src\main\AndroidManifest.xml:64:9-79
74-->src\main\AndroidManifest.xml:64:19-77
75        <activity android:name="com.gy.commonviewdemo.notification.NotificationActivity" />
75-->src\main\AndroidManifest.xml:65:9-70
75-->src\main\AndroidManifest.xml:65:19-68
76        <activity android:name="com.gy.commonviewdemo.notification.PendingActivity" />
76-->src\main\AndroidManifest.xml:66:9-65
76-->src\main\AndroidManifest.xml:66:19-63
77        <activity android:name="com.gy.commonviewdemo.db.ContentProviderActivity" />
77-->src\main\AndroidManifest.xml:67:9-63
77-->src\main\AndroidManifest.xml:67:19-61
78        <activity android:name="com.gy.commonviewdemo.clipboardManager.ClipBoardActivity" />
78-->src\main\AndroidManifest.xml:68:9-71
78-->src\main\AndroidManifest.xml:68:19-69
79        <activity android:name="com.gy.commonviewdemo.drag_and_drop.DragAndDropActivity" />
79-->src\main\AndroidManifest.xml:69:9-70
79-->src\main\AndroidManifest.xml:69:19-68
80        <activity
80-->src\main\AndroidManifest.xml:70:9-72:93
81            android:name="com.gy.commonviewdemo.picture_in_picture.PictureInPictureActivity"
81-->src\main\AndroidManifest.xml:70:19-78
82            android:configChanges="screenSize|smallestScreenSize|screenLayout|orientation"
82-->src\main\AndroidManifest.xml:72:13-91
83            android:supportsPictureInPicture="true" />
83-->src\main\AndroidManifest.xml:71:13-52
84        <activity android:name="com.gy.commonviewdemo.rxjava.rxjava2.RxJava2Activity" />
84-->src\main\AndroidManifest.xml:74:9-67
84-->src\main\AndroidManifest.xml:74:19-65
85        <activity android:name="com.gy.commonviewdemo.recyclerView.RvScrollActivityOne" />
85-->src\main\AndroidManifest.xml:76:9-69
85-->src\main\AndroidManifest.xml:76:19-67
86        <activity android:name="com.gy.commonviewdemo.recyclerView.RvScrollActivityTwo" />
86-->src\main\AndroidManifest.xml:77:9-69
86-->src\main\AndroidManifest.xml:77:19-67
87        <activity android:name="com.gy.commonviewdemo.recyclerView.RvScrollActivityThree" />
87-->src\main\AndroidManifest.xml:78:9-71
87-->src\main\AndroidManifest.xml:78:19-69
88        <activity android:name="com.gy.commonviewdemo.statusbar.StatusBarActivity" />
88-->src\main\AndroidManifest.xml:80:9-64
88-->src\main\AndroidManifest.xml:80:19-62
89        <activity android:name="com.gy.commonviewdemo.cusview.text.SpanEnterActivity" />
89-->src\main\AndroidManifest.xml:81:9-67
89-->src\main\AndroidManifest.xml:81:19-65
90        <activity android:name="com.gy.commonviewdemo.cusview.text.rich_text.ReplaceSpanActivity" />
90-->src\main\AndroidManifest.xml:82:9-79
90-->src\main\AndroidManifest.xml:82:19-77
91        <activity android:name="com.gy.commonviewdemo.notification.NotificationMainActivity" />
91-->src\main\AndroidManifest.xml:83:9-74
91-->src\main\AndroidManifest.xml:83:19-72
92        <activity android:name="com.gy.commonviewdemo.notification.alerter.AlerterActivity" />
92-->src\main\AndroidManifest.xml:84:9-73
92-->src\main\AndroidManifest.xml:84:19-71
93        <activity android:name="com.gy.commonviewdemo.systemapi.SystemApiActivity" />
93-->src\main\AndroidManifest.xml:86:9-64
93-->src\main\AndroidManifest.xml:86:19-62
94        <activity android:name="com.gy.commonviewdemo.systemapi.HasOverlappingRenderingActivity" />
94-->src\main\AndroidManifest.xml:87:9-78
94-->src\main\AndroidManifest.xml:87:19-76
95        <activity android:name="com.gy.commonviewdemo.kotlin.KotlinActivity" />
95-->src\main\AndroidManifest.xml:88:9-58
95-->src\main\AndroidManifest.xml:88:19-56
96        <activity android:name="com.gy.commonviewdemo.kotlin.KotlinReadAndWriterActivity" />
96-->src\main\AndroidManifest.xml:89:9-71
96-->src\main\AndroidManifest.xml:89:19-69
97        <activity android:name="com.gy.commonviewdemo.cusview.text.scroll_textview.ScrollTextViewActivity" />
97-->src\main\AndroidManifest.xml:90:9-88
97-->src\main\AndroidManifest.xml:90:19-86
98
99        <service
99-->src\main\AndroidManifest.xml:92:9-98:19
100            android:name="com.gy.commonviewdemo.binder.BinderService"
100-->src\main\AndroidManifest.xml:92:18-54
101            android:exported="true"
101-->src\main\AndroidManifest.xml:94:13-36
102            android:process=":binder" >
102-->src\main\AndroidManifest.xml:93:13-38
103            <intent-filter>
103-->src\main\AndroidManifest.xml:95:13-97:29
104                <action android:name="com.gy.commonviewdemo.binder.BinderService" />
104-->src\main\AndroidManifest.xml:96:17-84
104-->src\main\AndroidManifest.xml:96:25-82
105            </intent-filter>
106        </service>
107
108        <activity android:name="com.gy.commonviewdemo.binder.BinderActivity" />
108-->src\main\AndroidManifest.xml:99:9-58
108-->src\main\AndroidManifest.xml:99:19-56
109        <activity android:name="com.gy.commonviewdemo.cusview.text.no_padding_textview.NoPaddingTextViewActivity" />
109-->src\main\AndroidManifest.xml:101:9-95
109-->src\main\AndroidManifest.xml:101:19-93
110        <activity android:name="com.gy.commonviewdemo.cusview.gradient.GradientActivity" />
110-->src\main\AndroidManifest.xml:102:9-70
110-->src\main\AndroidManifest.xml:102:19-68
111        <activity android:name="com.gy.commonviewdemo.recyclerView.VideoListPlayTimeActivity" />
111-->src\main\AndroidManifest.xml:103:9-75
111-->src\main\AndroidManifest.xml:103:19-73
112        <activity android:name="com.gy.commonviewdemo.recyclerView.RvLaneActivity" />
112-->src\main\AndroidManifest.xml:104:9-64
112-->src\main\AndroidManifest.xml:104:19-62
113        <activity android:name="com.gy.commonviewdemo.systemapi.TimerTaskActivity" />
113-->src\main\AndroidManifest.xml:105:9-64
113-->src\main\AndroidManifest.xml:105:19-62
114        <activity android:name="com.gy.commonviewdemo.systemapi.ValueAnimationActivity" />
114-->src\main\AndroidManifest.xml:106:9-69
114-->src\main\AndroidManifest.xml:106:19-67
115        <activity android:name="com.gy.commonviewdemo.recyclerView.RvCantScrollActivity" />
115-->src\main\AndroidManifest.xml:107:9-70
115-->src\main\AndroidManifest.xml:107:19-68
116        <activity android:name="com.gy.commonviewdemo.apt.spi.SpiActivity" />
116-->src\main\AndroidManifest.xml:108:9-56
116-->src\main\AndroidManifest.xml:108:19-54
117        <activity android:name="com.gy.commonviewdemo.accessibility.AccessibilityActivity" />
117-->src\main\AndroidManifest.xml:109:9-72
117-->src\main\AndroidManifest.xml:109:19-70
118
119        <service
119-->src\main\AndroidManifest.xml:111:9-122:19
120            android:name="com.gy.commonviewdemo.accessibility.MyAccessibilityService"
120-->src\main\AndroidManifest.xml:111:18-70
121            android:exported="true"
121-->src\main\AndroidManifest.xml:113:13-36
122            android:permission="android.permission.BIND_ACCESSIBILITY_SERVICE" >
122-->src\main\AndroidManifest.xml:112:13-79
123            <intent-filter>
123-->src\main\AndroidManifest.xml:115:13-117:29
124                <action android:name="android.accessibilityservice.AccessibilityService" />
124-->src\main\AndroidManifest.xml:116:17-91
124-->src\main\AndroidManifest.xml:116:25-89
125            </intent-filter>
126
127            <meta-data
127-->src\main\AndroidManifest.xml:119:13-121:56
128                android:name="android.accessibilityservice"
128-->src\main\AndroidManifest.xml:120:17-60
129                android:resource="@xml/accessibility" />
129-->src\main\AndroidManifest.xml:121:17-54
130        </service>
131    </application>
132
133</manifest>